<html>
<head>
<title>TestNG:  Default test</title>
<link href="../testng.css" rel="stylesheet" type="text/css" />
<link href="../my-testng.css" rel="stylesheet" type="text/css" />

<style type="text/css">
.log { display: none;} 
.stack-trace { display: none;} 
</style>
<script type="text/javascript">
<!--
function flip(e) {
  current = e.style.display;
  if (current == 'block') {
    e.style.display = 'none';
    return 0;
  }
  else {
    e.style.display = 'block';
    return 1;
  }
}

function toggleBox(szDivId, elem, msg1, msg2)
{
  var res = -1;  if (document.getElementById) {
    res = flip(document.getElementById(szDivId));
  }
  else if (document.all) {
    // this is the way old msie versions work
    res = flip(document.all[szDivId]);
  }
  if(elem) {
    if(res == 0) elem.innerHTML = msg1; else elem.innerHTML = msg2;
  }

}

function toggleAllBoxes() {
  if (document.getElementsByTagName) {
    d = document.getElementsByTagName('div');
    for (i = 0; i < d.length; i++) {
      if (d[i].className == 'log') {
        flip(d[i]);
      }
    }
  }
}

// -->
</script>

</head>
<body>
<h2 align='center'>Default test</h2><table border='1' align="center">
<tr>
<td>Tests passed/Failed/Skipped:</td><td>17/3/0</td>
</tr><tr>
<td>Started on:</td><td>Thu Sep 28 13:52:04 IST 2023</td>
</tr>
<tr><td>Total time:</td><td>208 seconds (208602 ms)</td>
</tr><tr>
<td>Included groups:</td><td></td>
</tr><tr>
<td>Excluded groups:</td><td></td>
</tr>
</table><p/>
<small><i>(Hover the method name to see the test class name)</i></small><p/>
<table width='100%' border='1' class='invocation-failed'>
<tr><td colspan='4' align='center'><b>FAILED TESTS</b></td></tr>
<tr><td><b>Test method</b></td>
<td><b>Attribute(s)</b></td>
<td width="30%"><b>Exception</b></td>
<td width="10%"><b>Time (seconds)</b></td>
<td><b>Instance</b></td>
</tr>
<tr>
<td title='com.runner.RunnerClass$CucumberRunnerTests.runScenario()'><b>runScenario</b><br>Test class: com.runner.RunnerClass$CucumberRunnerTests<br>Test method: Runs Cucumber Scenarios<br>Parameters: "Add new Recruitment in Candidates", "Validating the Recruitment Functionality in Candidates Options"</td>
<td><div><pre>io.cucumber.testng.UndefinedStepException: The step &apos;Select Recruitment&apos; and 4 other step(s) are undefined.
You can implement these steps using the snippet(s) below:

@Given(&quot;Select Recruitment&quot;)
public void select_recruitment() {
    // Write code here that turns the phrase above into concrete actions
    throw new io.cucumber.java.PendingException();
}
@Given(&quot;Select Recruitment and after clickiing on Candidates&quot;)
public void select_recruitment_and_after_clickiing_on_candidates() {
    // Write code here that turns the phrase above into concrete actions
    throw new io.cucumber.java.PendingException();
}
@When(&quot;Click on Add and filling the details of Candidates&quot;)
public void click_on_add_and_filling_the_details_of_candidates() {
    // Write code here that turns the phrase above into concrete actions
    throw new io.cucumber.java.PendingException();
}
@When(&quot;Click on Save Candidates&quot;)
public void click_on_save_candidates() {
    // Write code here that turns the phrase above into concrete actions
    throw new io.cucumber.java.PendingException();
}
@Then(&quot;User validate the saved successfully Candidates&quot;)
public void user_validate_the_saved_successfully_candidates() {
    // Write code here that turns the phrase above into concrete actions
    throw new io.cucumber.java.PendingException();
}

	at io.cucumber.core.runtime.TestCaseResultObserver.assertTestCasePassed(TestCaseResultObserver.java:69)
	at io.cucumber.testng.TestCaseResultObserver.assertTestCasePassed(TestCaseResultObserver.java:23)
	at io.cucumber.testng.TestNGCucumberRunner.lambda$runScenario$1(TestNGCucumberRunner.java:133)
	at io.cucumber.core.runtime.CucumberExecutionContext.lambda$runTestCase$5(CucumberExecutionContext.java:137)
	at io.cucumber.core.runtime.RethrowingThrowableCollector.executeAndThrow(RethrowingThrowableCollector.java:23)
	at io.cucumber.core.runtime.CucumberExecutionContext.runTestCase(CucumberExecutionContext.java:137)
	at io.cucumber.testng.TestNGCucumberRunner.runScenario(TestNGCucumberRunner.java:129)
	at io.cucumber.testng.AbstractTestNGCucumberTests.runScenario(AbstractTestNGCucumberTests.java:35)
	at jdk.internal.reflect.GeneratedMethodAccessor4.invoke(Unknown Source)
	at java.base/jdk.internal.reflect.DelegatingMethodAccessorImpl.invoke(DelegatingMethodAccessorImpl.java:43)
	at java.base/java.lang.reflect.Method.invoke(Method.java:568)
	at org.testng.internal.invokers.MethodInvocationHelper.invokeMethod(MethodInvocationHelper.java:139)
	at org.testng.internal.invokers.TestInvoker.invokeMethod(TestInvoker.java:664)
	at org.testng.internal.invokers.TestInvoker.invokeTestMethod(TestInvoker.java:227)
	at org.testng.internal.invokers.MethodRunner.runInSequence(MethodRunner.java:50)
	at org.testng.internal.invokers.TestInvoker$MethodInvocationAgent.invoke(TestInvoker.java:957)
	at org.testng.internal.invokers.TestInvoker.invokeTestMethods(TestInvoker.java:200)
	at org.testng.internal.invokers.TestMethodWorker.invokeTestMethods(TestMethodWorker.java:148)
	at org.testng.internal.invokers.TestMethodWorker.run(TestMethodWorker.java:128)
	at java.base/java.util.ArrayList.forEach(ArrayList.java:1511)
	at org.testng.TestRunner.privateRun(TestRunner.java:848)
	at org.testng.TestRunner.run(TestRunner.java:621)
	at org.testng.SuiteRunner.runTest(SuiteRunner.java:443)
	at org.testng.SuiteRunner.runSequentially(SuiteRunner.java:437)
	at org.testng.SuiteRunner.privateRun(SuiteRunner.java:397)
	at org.testng.SuiteRunner.run(SuiteRunner.java:336)
	at org.testng.SuiteRunnerWorker.runSuite(SuiteRunnerWorker.java:52)
	at org.testng.SuiteRunnerWorker.run(SuiteRunnerWorker.java:95)
	at org.testng.TestNG.runSuitesSequentially(TestNG.java:1280)
	at org.testng.TestNG.runSuitesLocally(TestNG.java:1200)
	at org.testng.TestNG.runSuites(TestNG.java:1114)
	at org.testng.TestNG.run(TestNG.java:1082)
	at org.testng.remote.AbstractRemoteTestNG.run(AbstractRemoteTestNG.java:115)
	at org.testng.remote.RemoteTestNG.initAndRun(RemoteTestNG.java:251)
	at org.testng.remote.RemoteTestNG.main(RemoteTestNG.java:77)
</pre></div><a href='#' onClick='toggleBox("stack-trace1530060977", this, "Click to show all stack frames", "Click to hide stack frames")'>Click to show all stack frames</a>
<div class='stack-trace' id='stack-trace1530060977'><pre>io.cucumber.testng.UndefinedStepException: The step &apos;Select Recruitment&apos; and 4 other step(s) are undefined.
You can implement these steps using the snippet(s) below:

@Given(&quot;Select Recruitment&quot;)
public void select_recruitment() {
    // Write code here that turns the phrase above into concrete actions
    throw new io.cucumber.java.PendingException();
}
@Given(&quot;Select Recruitment and after clickiing on Candidates&quot;)
public void select_recruitment_and_after_clickiing_on_candidates() {
    // Write code here that turns the phrase above into concrete actions
    throw new io.cucumber.java.PendingException();
}
@When(&quot;Click on Add and filling the details of Candidates&quot;)
public void click_on_add_and_filling_the_details_of_candidates() {
    // Write code here that turns the phrase above into concrete actions
    throw new io.cucumber.java.PendingException();
}
@When(&quot;Click on Save Candidates&quot;)
public void click_on_save_candidates() {
    // Write code here that turns the phrase above into concrete actions
    throw new io.cucumber.java.PendingException();
}
@Then(&quot;User validate the saved successfully Candidates&quot;)
public void user_validate_the_saved_successfully_candidates() {
    // Write code here that turns the phrase above into concrete actions
    throw new io.cucumber.java.PendingException();
}

	at io.cucumber.core.runtime.TestCaseResultObserver.assertTestCasePassed(TestCaseResultObserver.java:69)
	at io.cucumber.testng.TestCaseResultObserver.assertTestCasePassed(TestCaseResultObserver.java:23)
	at io.cucumber.testng.TestNGCucumberRunner.lambda$runScenario$1(TestNGCucumberRunner.java:133)
	at io.cucumber.core.runtime.CucumberExecutionContext.lambda$runTestCase$5(CucumberExecutionContext.java:137)
	at io.cucumber.core.runtime.RethrowingThrowableCollector.executeAndThrow(RethrowingThrowableCollector.java:23)
	at io.cucumber.core.runtime.CucumberExecutionContext.runTestCase(CucumberExecutionContext.java:137)
	at io.cucumber.testng.TestNGCucumberRunner.runScenario(TestNGCucumberRunner.java:129)
	at io.cucumber.testng.AbstractTestNGCucumberTests.runScenario(AbstractTestNGCucumberTests.java:35)
	at jdk.internal.reflect.GeneratedMethodAccessor4.invoke(Unknown Source)
	at java.base/jdk.internal.reflect.DelegatingMethodAccessorImpl.invoke(DelegatingMethodAccessorImpl.java:43)
	at java.base/java.lang.reflect.Method.invoke(Method.java:568)
	at org.testng.internal.invokers.MethodInvocationHelper.invokeMethod(MethodInvocationHelper.java:139)
	at org.testng.internal.invokers.TestInvoker.invokeMethod(TestInvoker.java:664)
	at org.testng.internal.invokers.TestInvoker.invokeTestMethod(TestInvoker.java:227)
	at org.testng.internal.invokers.MethodRunner.runInSequence(MethodRunner.java:50)
	at org.testng.internal.invokers.TestInvoker$MethodInvocationAgent.invoke(TestInvoker.java:957)
	at org.testng.internal.invokers.TestInvoker.invokeTestMethods(TestInvoker.java:200)
	at org.testng.internal.invokers.TestMethodWorker.invokeTestMethods(TestMethodWorker.java:148)
	at org.testng.internal.invokers.TestMethodWorker.run(TestMethodWorker.java:128)
	at java.base/java.util.ArrayList.forEach(ArrayList.java:1511)
	at org.testng.TestRunner.privateRun(TestRunner.java:848)
	at org.testng.TestRunner.run(TestRunner.java:621)
	at org.testng.SuiteRunner.runTest(SuiteRunner.java:443)
	at org.testng.SuiteRunner.runSequentially(SuiteRunner.java:437)
	at org.testng.SuiteRunner.privateRun(SuiteRunner.java:397)
	at org.testng.SuiteRunner.run(SuiteRunner.java:336)
	at org.testng.SuiteRunnerWorker.runSuite(SuiteRunnerWorker.java:52)
	at org.testng.SuiteRunnerWorker.run(SuiteRunnerWorker.java:95)
	at org.testng.TestNG.runSuitesSequentially(TestNG.java:1280)
	at org.testng.TestNG.runSuitesLocally(TestNG.java:1200)
	at org.testng.TestNG.runSuites(TestNG.java:1114)
	at org.testng.TestNG.run(TestNG.java:1082)
	at org.testng.remote.AbstractRemoteTestNG.run(AbstractRemoteTestNG.java:115)
	at org.testng.remote.RemoteTestNG.initAndRun(RemoteTestNG.java:251)
	at org.testng.remote.RemoteTestNG.main(RemoteTestNG.java:77)
</pre></div></td>
<td>3</td>
<td>com.runner.RunnerClass$CucumberRunnerTests@548a24a</td></tr>
<tr>
<td title='com.runner.RunnerClass$CucumberRunnerTests.runScenario()'><b>runScenario</b><br>Test class: com.runner.RunnerClass$CucumberRunnerTests<br>Test method: Runs Cucumber Scenarios<br>Parameters: "Searching for Added Candidates in Recruitment", "Validating the Recruitment Functionality in Candidates Options"</td>
<td><div><pre>io.cucumber.testng.UndefinedStepException: The step &apos;Select Recruitment&apos; and 4 other step(s) are undefined.
You can implement these steps using the snippet(s) below:

@Given(&quot;Select Recruitment&quot;)
public void select_recruitment() {
    // Write code here that turns the phrase above into concrete actions
    throw new io.cucumber.java.PendingException();
}
@Given(&quot;Select Recruitment and click on Candidates&quot;)
public void select_recruitment_and_click_on_candidates() {
    // Write code here that turns the phrase above into concrete actions
    throw new io.cucumber.java.PendingException();
}
@When(&quot;User Enter the Search Details of Candidates&quot;)
public void user_enter_the_search_details_of_candidates() {
    // Write code here that turns the phrase above into concrete actions
    throw new io.cucumber.java.PendingException();
}
@When(&quot;User Click the Search Btn Candidates&quot;)
public void user_click_the_search_btn_candidates() {
    // Write code here that turns the phrase above into concrete actions
    throw new io.cucumber.java.PendingException();
}
@Then(&quot;User Check Weather New user Added or not Candidates&quot;)
public void user_check_weather_new_user_added_or_not_candidates() {
    // Write code here that turns the phrase above into concrete actions
    throw new io.cucumber.java.PendingException();
}

	at io.cucumber.core.runtime.TestCaseResultObserver.assertTestCasePassed(TestCaseResultObserver.java:69)
	at io.cucumber.testng.TestCaseResultObserver.assertTestCasePassed(TestCaseResultObserver.java:23)
	at io.cucumber.testng.TestNGCucumberRunner.lambda$runScenario$1(TestNGCucumberRunner.java:133)
	at io.cucumber.core.runtime.CucumberExecutionContext.lambda$runTestCase$5(CucumberExecutionContext.java:137)
	at io.cucumber.core.runtime.RethrowingThrowableCollector.executeAndThrow(RethrowingThrowableCollector.java:23)
	at io.cucumber.core.runtime.CucumberExecutionContext.runTestCase(CucumberExecutionContext.java:137)
	at io.cucumber.testng.TestNGCucumberRunner.runScenario(TestNGCucumberRunner.java:129)
	at io.cucumber.testng.AbstractTestNGCucumberTests.runScenario(AbstractTestNGCucumberTests.java:35)
	at jdk.internal.reflect.GeneratedMethodAccessor4.invoke(Unknown Source)
	at java.base/jdk.internal.reflect.DelegatingMethodAccessorImpl.invoke(DelegatingMethodAccessorImpl.java:43)
	at java.base/java.lang.reflect.Method.invoke(Method.java:568)
	at org.testng.internal.invokers.MethodInvocationHelper.invokeMethod(MethodInvocationHelper.java:139)
	at org.testng.internal.invokers.TestInvoker.invokeMethod(TestInvoker.java:664)
	at org.testng.internal.invokers.TestInvoker.invokeTestMethod(TestInvoker.java:227)
	at org.testng.internal.invokers.MethodRunner.runInSequence(MethodRunner.java:50)
	at org.testng.internal.invokers.TestInvoker$MethodInvocationAgent.invoke(TestInvoker.java:957)
	at org.testng.internal.invokers.TestInvoker.invokeTestMethods(TestInvoker.java:200)
	at org.testng.internal.invokers.TestMethodWorker.invokeTestMethods(TestMethodWorker.java:148)
	at org.testng.internal.invokers.TestMethodWorker.run(TestMethodWorker.java:128)
	at java.base/java.util.ArrayList.forEach(ArrayList.java:1511)
	at org.testng.TestRunner.privateRun(TestRunner.java:848)
	at org.testng.TestRunner.run(TestRunner.java:621)
	at org.testng.SuiteRunner.runTest(SuiteRunner.java:443)
	at org.testng.SuiteRunner.runSequentially(SuiteRunner.java:437)
	at org.testng.SuiteRunner.privateRun(SuiteRunner.java:397)
	at org.testng.SuiteRunner.run(SuiteRunner.java:336)
	at org.testng.SuiteRunnerWorker.runSuite(SuiteRunnerWorker.java:52)
	at org.testng.SuiteRunnerWorker.run(SuiteRunnerWorker.java:95)
	at org.testng.TestNG.runSuitesSequentially(TestNG.java:1280)
	at org.testng.TestNG.runSuitesLocally(TestNG.java:1200)
	at org.testng.TestNG.runSuites(TestNG.java:1114)
	at org.testng.TestNG.run(TestNG.java:1082)
	at org.testng.remote.AbstractRemoteTestNG.run(AbstractRemoteTestNG.java:115)
	at org.testng.remote.RemoteTestNG.initAndRun(RemoteTestNG.java:251)
	at org.testng.remote.RemoteTestNG.main(RemoteTestNG.java:77)
</pre></div><a href='#' onClick='toggleBox("stack-trace591318674", this, "Click to show all stack frames", "Click to hide stack frames")'>Click to show all stack frames</a>
<div class='stack-trace' id='stack-trace591318674'><pre>io.cucumber.testng.UndefinedStepException: The step &apos;Select Recruitment&apos; and 4 other step(s) are undefined.
You can implement these steps using the snippet(s) below:

@Given(&quot;Select Recruitment&quot;)
public void select_recruitment() {
    // Write code here that turns the phrase above into concrete actions
    throw new io.cucumber.java.PendingException();
}
@Given(&quot;Select Recruitment and click on Candidates&quot;)
public void select_recruitment_and_click_on_candidates() {
    // Write code here that turns the phrase above into concrete actions
    throw new io.cucumber.java.PendingException();
}
@When(&quot;User Enter the Search Details of Candidates&quot;)
public void user_enter_the_search_details_of_candidates() {
    // Write code here that turns the phrase above into concrete actions
    throw new io.cucumber.java.PendingException();
}
@When(&quot;User Click the Search Btn Candidates&quot;)
public void user_click_the_search_btn_candidates() {
    // Write code here that turns the phrase above into concrete actions
    throw new io.cucumber.java.PendingException();
}
@Then(&quot;User Check Weather New user Added or not Candidates&quot;)
public void user_check_weather_new_user_added_or_not_candidates() {
    // Write code here that turns the phrase above into concrete actions
    throw new io.cucumber.java.PendingException();
}

	at io.cucumber.core.runtime.TestCaseResultObserver.assertTestCasePassed(TestCaseResultObserver.java:69)
	at io.cucumber.testng.TestCaseResultObserver.assertTestCasePassed(TestCaseResultObserver.java:23)
	at io.cucumber.testng.TestNGCucumberRunner.lambda$runScenario$1(TestNGCucumberRunner.java:133)
	at io.cucumber.core.runtime.CucumberExecutionContext.lambda$runTestCase$5(CucumberExecutionContext.java:137)
	at io.cucumber.core.runtime.RethrowingThrowableCollector.executeAndThrow(RethrowingThrowableCollector.java:23)
	at io.cucumber.core.runtime.CucumberExecutionContext.runTestCase(CucumberExecutionContext.java:137)
	at io.cucumber.testng.TestNGCucumberRunner.runScenario(TestNGCucumberRunner.java:129)
	at io.cucumber.testng.AbstractTestNGCucumberTests.runScenario(AbstractTestNGCucumberTests.java:35)
	at jdk.internal.reflect.GeneratedMethodAccessor4.invoke(Unknown Source)
	at java.base/jdk.internal.reflect.DelegatingMethodAccessorImpl.invoke(DelegatingMethodAccessorImpl.java:43)
	at java.base/java.lang.reflect.Method.invoke(Method.java:568)
	at org.testng.internal.invokers.MethodInvocationHelper.invokeMethod(MethodInvocationHelper.java:139)
	at org.testng.internal.invokers.TestInvoker.invokeMethod(TestInvoker.java:664)
	at org.testng.internal.invokers.TestInvoker.invokeTestMethod(TestInvoker.java:227)
	at org.testng.internal.invokers.MethodRunner.runInSequence(MethodRunner.java:50)
	at org.testng.internal.invokers.TestInvoker$MethodInvocationAgent.invoke(TestInvoker.java:957)
	at org.testng.internal.invokers.TestInvoker.invokeTestMethods(TestInvoker.java:200)
	at org.testng.internal.invokers.TestMethodWorker.invokeTestMethods(TestMethodWorker.java:148)
	at org.testng.internal.invokers.TestMethodWorker.run(TestMethodWorker.java:128)
	at java.base/java.util.ArrayList.forEach(ArrayList.java:1511)
	at org.testng.TestRunner.privateRun(TestRunner.java:848)
	at org.testng.TestRunner.run(TestRunner.java:621)
	at org.testng.SuiteRunner.runTest(SuiteRunner.java:443)
	at org.testng.SuiteRunner.runSequentially(SuiteRunner.java:437)
	at org.testng.SuiteRunner.privateRun(SuiteRunner.java:397)
	at org.testng.SuiteRunner.run(SuiteRunner.java:336)
	at org.testng.SuiteRunnerWorker.runSuite(SuiteRunnerWorker.java:52)
	at org.testng.SuiteRunnerWorker.run(SuiteRunnerWorker.java:95)
	at org.testng.TestNG.runSuitesSequentially(TestNG.java:1280)
	at org.testng.TestNG.runSuitesLocally(TestNG.java:1200)
	at org.testng.TestNG.runSuites(TestNG.java:1114)
	at org.testng.TestNG.run(TestNG.java:1082)
	at org.testng.remote.AbstractRemoteTestNG.run(AbstractRemoteTestNG.java:115)
	at org.testng.remote.RemoteTestNG.initAndRun(RemoteTestNG.java:251)
	at org.testng.remote.RemoteTestNG.main(RemoteTestNG.java:77)
</pre></div></td>
<td>3</td>
<td>com.runner.RunnerClass$CucumberRunnerTests@548a24a</td></tr>
<tr>
<td title='com.runner.RunnerClass$CucumberRunnerTests.runScenario()'><b>runScenario</b><br>Test class: com.runner.RunnerClass$CucumberRunnerTests<br>Test method: Runs Cucumber Scenarios<br>Parameters: "To validate the Login feature of the OrangeHRM", "Orange HRM Login feature test"</td>
<td><div><pre>org.openqa.selenium.NoSuchElementException: no such element: Unable to locate element: {&quot;method&quot;:&quot;xpath&quot;,&quot;selector&quot;:&quot;//h6[text()=&apos;Dashboard&apos;]&quot;}
  (Session info: chrome=117.0.5938.92)
For documentation on this error, please visit: https://www.selenium.dev/documentation/webdriver/troubleshooting/errors#no-such-element-exception
Build info: version: &apos;4.12.1&apos;, revision: &apos;8e34639b11&apos;
System info: os.name: &apos;Windows 10&apos;, os.arch: &apos;amd64&apos;, os.version: &apos;10.0&apos;, java.version: &apos;17.0.7&apos;
Driver info: org.openqa.selenium.chrome.ChromeDriver
Command: [12d592f04cde8c114f400cae2e4c6c73, findElement {using=xpath, value=//h6[text()=&apos;Dashboard&apos;]}]
Capabilities {acceptInsecureCerts: false, browserName: chrome, browserVersion: 117.0.5938.92, chrome: {chromedriverVersion: 117.0.5938.92 (67649b10b92b..., userDataDir: C:\Users\MMARAL~1\AppData\L...}, fedcm:accounts: true, goog:chromeOptions: {debuggerAddress: localhost:54876}, networkConnectionEnabled: false, pageLoadStrategy: normal, platformName: windows, proxy: Proxy(), se:cdp: ws://localhost:54876/devtoo..., se:cdpVersion: 117.0.5938.92, setWindowRect: true, strictFileInteractability: false, timeouts: {implicit: 0, pageLoad: 300000, script: 30000}, unhandledPromptBehavior: dismiss and notify, webauthn:extension:credBlob: true, webauthn:extension:largeBlob: true, webauthn:extension:minPinLength: true, webauthn:extension:prf: true, webauthn:virtualAuthenticators: true}
Session ID: 12d592f04cde8c114f400cae2e4c6c73
	at java.base/jdk.internal.reflect.NativeConstructorAccessorImpl.newInstance0(Native Method)
	at java.base/jdk.internal.reflect.NativeConstructorAccessorImpl.newInstance(NativeConstructorAccessorImpl.java:77)
	at java.base/jdk.internal.reflect.DelegatingConstructorAccessorImpl.newInstance(DelegatingConstructorAccessorImpl.java:45)
	at java.base/java.lang.reflect.Constructor.newInstanceWithCaller(Constructor.java:499)
	at java.base/java.lang.reflect.Constructor.newInstance(Constructor.java:480)
	at org.openqa.selenium.remote.codec.w3c.W3CHttpResponseCodec.createException(W3CHttpResponseCodec.java:200)
	at org.openqa.selenium.remote.codec.w3c.W3CHttpResponseCodec.decode(W3CHttpResponseCodec.java:133)
	at org.openqa.selenium.remote.codec.w3c.W3CHttpResponseCodec.decode(W3CHttpResponseCodec.java:52)
	at org.openqa.selenium.remote.HttpCommandExecutor.execute(HttpCommandExecutor.java:191)
	at org.openqa.selenium.remote.service.DriverCommandExecutor.invokeExecute(DriverCommandExecutor.java:196)
	at org.openqa.selenium.remote.service.DriverCommandExecutor.execute(DriverCommandExecutor.java:171)
	at org.openqa.selenium.remote.RemoteWebDriver.execute(RemoteWebDriver.java:602)
	at org.openqa.selenium.remote.ElementLocation$ElementFinder$2.findElement(ElementLocation.java:165)
	at org.openqa.selenium.remote.ElementLocation.findElement(ElementLocation.java:59)
	at org.openqa.selenium.remote.RemoteWebDriver.findElement(RemoteWebDriver.java:359)
	at org.openqa.selenium.remote.RemoteWebDriver.findElement(RemoteWebDriver.java:353)
	at org.openqa.selenium.support.pagefactory.DefaultElementLocator.findElement(DefaultElementLocator.java:68)
	at org.openqa.selenium.support.pagefactory.internal.LocatingElementHandler.invoke(LocatingElementHandler.java:38)
	at jdk.proxy2/jdk.proxy2.$Proxy23.getText(Unknown Source)
	at com.pageactions.OrangeHRMHomePageActions.getHomePageText(OrangeHRMHomePageActions.java:20)
	at com.stepdefinition.OrangeLoginStepDefinition.validating_login_page(OrangeLoginStepDefinition.java:52)
	at ✽.Validating Login Page(file:///C:/Users/mmaralinganavar/Desktop/Pilot%20Project/GitOrangeHRM/PilotProject/PilotProjectOrangeHRM/src/test/resources/features/OHRMLoginPage.feature:15)
</pre></div><a href='#' onClick='toggleBox("stack-trace2129376022", this, "Click to show all stack frames", "Click to hide stack frames")'>Click to show all stack frames</a>
<div class='stack-trace' id='stack-trace2129376022'><pre>org.openqa.selenium.NoSuchElementException: no such element: Unable to locate element: {&quot;method&quot;:&quot;xpath&quot;,&quot;selector&quot;:&quot;//h6[text()=&apos;Dashboard&apos;]&quot;}
  (Session info: chrome=117.0.5938.92)
For documentation on this error, please visit: https://www.selenium.dev/documentation/webdriver/troubleshooting/errors#no-such-element-exception
Build info: version: &apos;4.12.1&apos;, revision: &apos;8e34639b11&apos;
System info: os.name: &apos;Windows 10&apos;, os.arch: &apos;amd64&apos;, os.version: &apos;10.0&apos;, java.version: &apos;17.0.7&apos;
Driver info: org.openqa.selenium.chrome.ChromeDriver
Command: [12d592f04cde8c114f400cae2e4c6c73, findElement {using=xpath, value=//h6[text()=&apos;Dashboard&apos;]}]
Capabilities {acceptInsecureCerts: false, browserName: chrome, browserVersion: 117.0.5938.92, chrome: {chromedriverVersion: 117.0.5938.92 (67649b10b92b..., userDataDir: C:\Users\MMARAL~1\AppData\L...}, fedcm:accounts: true, goog:chromeOptions: {debuggerAddress: localhost:54876}, networkConnectionEnabled: false, pageLoadStrategy: normal, platformName: windows, proxy: Proxy(), se:cdp: ws://localhost:54876/devtoo..., se:cdpVersion: 117.0.5938.92, setWindowRect: true, strictFileInteractability: false, timeouts: {implicit: 0, pageLoad: 300000, script: 30000}, unhandledPromptBehavior: dismiss and notify, webauthn:extension:credBlob: true, webauthn:extension:largeBlob: true, webauthn:extension:minPinLength: true, webauthn:extension:prf: true, webauthn:virtualAuthenticators: true}
Session ID: 12d592f04cde8c114f400cae2e4c6c73
	at java.base/jdk.internal.reflect.NativeConstructorAccessorImpl.newInstance0(Native Method)
	at java.base/jdk.internal.reflect.NativeConstructorAccessorImpl.newInstance(NativeConstructorAccessorImpl.java:77)
	at java.base/jdk.internal.reflect.DelegatingConstructorAccessorImpl.newInstance(DelegatingConstructorAccessorImpl.java:45)
	at java.base/java.lang.reflect.Constructor.newInstanceWithCaller(Constructor.java:499)
	at java.base/java.lang.reflect.Constructor.newInstance(Constructor.java:480)
	at org.openqa.selenium.remote.codec.w3c.W3CHttpResponseCodec.createException(W3CHttpResponseCodec.java:200)
	at org.openqa.selenium.remote.codec.w3c.W3CHttpResponseCodec.decode(W3CHttpResponseCodec.java:133)
	at org.openqa.selenium.remote.codec.w3c.W3CHttpResponseCodec.decode(W3CHttpResponseCodec.java:52)
	at org.openqa.selenium.remote.HttpCommandExecutor.execute(HttpCommandExecutor.java:191)
	at org.openqa.selenium.remote.service.DriverCommandExecutor.invokeExecute(DriverCommandExecutor.java:196)
	at org.openqa.selenium.remote.service.DriverCommandExecutor.execute(DriverCommandExecutor.java:171)
	at org.openqa.selenium.remote.RemoteWebDriver.execute(RemoteWebDriver.java:602)
	at org.openqa.selenium.remote.ElementLocation$ElementFinder$2.findElement(ElementLocation.java:165)
	at org.openqa.selenium.remote.ElementLocation.findElement(ElementLocation.java:59)
	at org.openqa.selenium.remote.RemoteWebDriver.findElement(RemoteWebDriver.java:359)
	at org.openqa.selenium.remote.RemoteWebDriver.findElement(RemoteWebDriver.java:353)
	at org.openqa.selenium.support.pagefactory.DefaultElementLocator.findElement(DefaultElementLocator.java:68)
	at org.openqa.selenium.support.pagefactory.internal.LocatingElementHandler.invoke(LocatingElementHandler.java:38)
	at jdk.proxy2/jdk.proxy2.$Proxy23.getText(Unknown Source)
	at com.pageactions.OrangeHRMHomePageActions.getHomePageText(OrangeHRMHomePageActions.java:20)
	at com.stepdefinition.OrangeLoginStepDefinition.validating_login_page(OrangeLoginStepDefinition.java:52)
	at ✽.Validating Login Page(file:///C:/Users/mmaralinganavar/Desktop/Pilot%20Project/GitOrangeHRM/PilotProject/PilotProjectOrangeHRM/src/test/resources/features/OHRMLoginPage.feature:15)
</pre></div></td>
<td>11</td>
<td>com.runner.RunnerClass$CucumberRunnerTests@548a24a</td></tr>
</table><p>
<table width='100%' border='1' class='invocation-passed'>
<tr><td colspan='4' align='center'><b>PASSED TESTS</b></td></tr>
<tr><td><b>Test method</b></td>
<td><b>Attribute(s)</b></td>
<td width="30%"><b>Exception</b></td>
<td width="10%"><b>Time (seconds)</b></td>
<td><b>Instance</b></td>
</tr>
<tr>
<td title='com.runner.RunnerClass$CucumberRunnerTests.runScenario()'><b>runScenario</b><br>Test class: com.runner.RunnerClass$CucumberRunnerTests<br>Test method: Runs Cucumber Scenarios<br>Parameters: "Checking the functionality of Skills in Qualification", "Validating the Admin Functionality in Organization in Qualification"</td>
<td></td>
<td>9</td>
<td>com.runner.RunnerClass$CucumberRunnerTests@548a24a</td></tr>
<tr>
<td title='com.runner.RunnerClass$CucumberRunnerTests.runScenario()'><b>runScenario</b><br>Test class: com.runner.RunnerClass$CucumberRunnerTests<br>Test method: Runs Cucumber Scenarios<br>Parameters: "The user Add Entitlements with valid data", "Add Entitlements"</td>
<td></td>
<td>13</td>
<td>com.runner.RunnerClass$CucumberRunnerTests@548a24a</td></tr>
<tr>
<td title='com.runner.RunnerClass$CucumberRunnerTests.runScenario()'><b>runScenario</b><br>Test class: com.runner.RunnerClass$CucumberRunnerTests<br>Test method: Runs Cucumber Scenarios<br>Parameters: "Checking the functionality of Location in Organization", "Validating the Admin Functionality in Organization"</td>
<td></td>
<td>16</td>
<td>com.runner.RunnerClass$CucumberRunnerTests@548a24a</td></tr>
<tr>
<td title='com.runner.RunnerClass$CucumberRunnerTests.runScenario()'><b>runScenario</b><br>Test class: com.runner.RunnerClass$CucumberRunnerTests<br>Test method: Runs Cucumber Scenarios<br>Parameters: "the user sets leave period", "Configure-Leave Period"</td>
<td></td>
<td>6</td>
<td>com.runner.RunnerClass$CucumberRunnerTests@548a24a</td></tr>
<tr>
<td title='com.runner.RunnerClass$CucumberRunnerTests.runScenario()'><b>runScenario</b><br>Test class: com.runner.RunnerClass$CucumberRunnerTests<br>Test method: Runs Cucumber Scenarios<br>Parameters: "Searching the user by selecting the Location in Organization", "Validating the Admin Functionality in Organization"</td>
<td></td>
<td>8</td>
<td>com.runner.RunnerClass$CucumberRunnerTests@548a24a</td></tr>
<tr>
<td title='com.runner.RunnerClass$CucumberRunnerTests.runScenario()'><b>runScenario</b><br>Test class: com.runner.RunnerClass$CucumberRunnerTests<br>Test method: Runs Cucumber Scenarios<br>Parameters: "Generate Leave Entitlements and Usage Reports for Leave type", "Reports-Leave Entitlements and Usage Report"</td>
<td></td>
<td>7</td>
<td>com.runner.RunnerClass$CucumberRunnerTests@548a24a</td></tr>
<tr>
<td title='com.runner.RunnerClass$CucumberRunnerTests.runScenario()'><b>runScenario</b><br>Test class: com.runner.RunnerClass$CucumberRunnerTests<br>Test method: Runs Cucumber Scenarios<br>Parameters: "Add new User in User Management", "Validating the Admin UserMagement Functionality"</td>
<td></td>
<td>12</td>
<td>com.runner.RunnerClass$CucumberRunnerTests@548a24a</td></tr>
<tr>
<td title='com.runner.RunnerClass$CucumberRunnerTests.runScenario()'><b>runScenario</b><br>Test class: com.runner.RunnerClass$CucumberRunnerTests<br>Test method: Runs Cucumber Scenarios<br>Parameters: "Searching for Added User in User Management", "Validating the Admin UserMagement Functionality"</td>
<td></td>
<td>5</td>
<td>com.runner.RunnerClass$CucumberRunnerTests@548a24a</td></tr>
<tr>
<td title='com.runner.RunnerClass$CucumberRunnerTests.runScenario()'><b>runScenario</b><br>Test class: com.runner.RunnerClass$CucumberRunnerTests<br>Test method: Runs Cucumber Scenarios<br>Parameters: "Checking the functionality Pay Grades in Job", "Validating the Admin Functionality in Pay Grades"</td>
<td></td>
<td>10</td>
<td>com.runner.RunnerClass$CucumberRunnerTests@548a24a</td></tr>
<tr>
<td title='com.runner.RunnerClass$CucumberRunnerTests.runScenario()'><b>runScenario</b><br>Test class: com.runner.RunnerClass$CucumberRunnerTests<br>Test method: Runs Cucumber Scenarios<br>Parameters: "Fill Personal Details", "MyInfo Module"</td>
<td></td>
<td>5</td>
<td>com.runner.RunnerClass$CucumberRunnerTests@548a24a</td></tr>
<tr>
<td title='com.runner.RunnerClass$CucumberRunnerTests.runScenario()'><b>runScenario</b><br>Test class: com.runner.RunnerClass$CucumberRunnerTests<br>Test method: Runs Cucumber Scenarios<br>Parameters: "Checking the functionality of General Information in Organization", "Validating the Admin Functionality in Organization"</td>
<td></td>
<td>11</td>
<td>com.runner.RunnerClass$CucumberRunnerTests@548a24a</td></tr>
<tr>
<td title='com.runner.RunnerClass$CucumberRunnerTests.runScenario()'><b>runScenario</b><br>Test class: com.runner.RunnerClass$CucumberRunnerTests<br>Test method: Runs Cucumber Scenarios<br>Parameters: "the user add performance tracker for multiple employees", "Trackers Feature"</td>
<td></td>
<td>16</td>
<td>com.runner.RunnerClass$CucumberRunnerTests@548a24a</td></tr>
<tr>
<td title='com.runner.RunnerClass$CucumberRunnerTests.runScenario()'><b>runScenario</b><br>Test class: com.runner.RunnerClass$CucumberRunnerTests<br>Test method: Runs Cucumber Scenarios<br>Parameters: "Generate Leave Entitlements and Usage Reports for employee", "Reports-Leave Entitlements and Usage Report"</td>
<td></td>
<td>10</td>
<td>com.runner.RunnerClass$CucumberRunnerTests@548a24a</td></tr>
<tr>
<td title='com.runner.RunnerClass$CucumberRunnerTests.runScenario()'><b>runScenario</b><br>Test class: com.runner.RunnerClass$CucumberRunnerTests<br>Test method: Runs Cucumber Scenarios<br>Parameters: "the user add performance tracker for multiple employees", "Trackers Feature"</td>
<td></td>
<td>17</td>
<td>com.runner.RunnerClass$CucumberRunnerTests@548a24a</td></tr>
<tr>
<td title='com.runner.RunnerClass$CucumberRunnerTests.runScenario()'><b>runScenario</b><br>Test class: com.runner.RunnerClass$CucumberRunnerTests<br>Test method: Runs Cucumber Scenarios<br>Parameters: "Checking the functionality of Help", "Validating the Admin Functionality in Organization"</td>
<td></td>
<td>14</td>
<td>com.runner.RunnerClass$CucumberRunnerTests@548a24a</td></tr>
<tr>
<td title='com.runner.RunnerClass$CucumberRunnerTests.runScenario()'><b>runScenario</b><br>Test class: com.runner.RunnerClass$CucumberRunnerTests<br>Test method: Runs Cucumber Scenarios<br>Parameters: "To validate the Login feature of the OrangeHRM", "Orange HRM Login feature test"</td>
<td></td>
<td>5</td>
<td>com.runner.RunnerClass$CucumberRunnerTests@548a24a</td></tr>
<tr>
<td title='com.runner.RunnerClass$CucumberRunnerTests.runScenario()'><b>runScenario</b><br>Test class: com.runner.RunnerClass$CucumberRunnerTests<br>Test method: Runs Cucumber Scenarios<br>Parameters: "The user Addd Entitlements without filling required fields", "Add Entitlements"</td>
<td></td>
<td>6</td>
<td>com.runner.RunnerClass$CucumberRunnerTests@548a24a</td></tr>
</table><p>
</body>
</html>